2024-12-19 10:10:19,149-E:\learnPython\Pytest_API\utils\LogUtil.py-INFO-Checking for file at path: ../data/api tc.xlsx
2024-12-19 10:12:49,972-E:\learnPython\Pytest_API\utils\LogUtil.py-INFO-Checking for file at path: ../data/api tc.xlsx
2024-12-19 10:13:08,020-E:\learnPython\Pytest_API\utils\LogUtil.py-INFO-Checking for file at path: ../data/api tc.xlsx
2024-12-19 10:16:31,684-E:\learnPython\Pytest_API\utils\LogUtil.py-INFO-Checking for file at path: ../data/api tc.xlsx
2024-12-19 10:16:58,866-E:\learnPython\Pytest_API\utils\LogUtil.py-INFO-Checking for file at path: ../data/api tc.xlsx
2024-12-19 10:19:03,919-E:\learnPython\Pytest_API\utils\LogUtil.py-INFO-Checking for file at path: ../data/api tc.xlsx
2024-12-19 10:28:19,800-E:\learnPython\Pytest_API\utils\LogUtil.py-INFO-Checking for file at path: ../data/api tc.xlsx
2024-12-19 11:31:18,719-E:\learnPython\Pytest_API\utils\LogUtil.py-INFO-Checking for file at path: ../data\api tc.xlsx
2024-12-19 11:32:12,506-E:\learnPython\Pytest_API\utils\LogUtil.py-INFO-Checking for file at path: ../data\api tc.xlsx
2024-12-19 11:36:05,707-E:\learnPython\Pytest_API\utils\LogUtil.py-INFO-Checking for file at path: ../data\api tc.xlsx
2024-12-19 11:37:37,493-E:\learnPython\Pytest_API\utils\LogUtil.py-INFO-Checking for file at path: ../data\api tc.xlsx
2024-12-19 11:38:55,262-E:\learnPython\Pytest_API\utils\LogUtil.py-INFO-Checking for file at path: ../data\api tc.xlsx
2024-12-19 11:39:29,038-E:\learnPython\Pytest_API\utils\LogUtil.py-INFO-Checking for file at path: ../data/api tc.xlsx
2024-12-19 11:40:13,829-E:\learnPython\Pytest_API\utils\LogUtil.py-INFO-Checking for file at path: ../data/api tc.xlsx
2024-12-19 11:42:01,993-E:\learnPython\Pytest_API\utils\LogUtil.py-INFO-Checking for file at path: ../data/api tc.xlsx
2024-12-19 11:42:02,016-Request-INFO-发送post请求
2024-12-19 11:43:20,847-E:\learnPython\Pytest_API\utils\LogUtil.py-INFO-Checking for file at path: ../data/api tc.xlsx
2024-12-19 11:43:20,871-Request-INFO-发送post请求
2024-12-19 11:46:46,162-E:\learnPython\Pytest_API\utils\LogUtil.py-INFO-Checking for file at path: ../data/api tc.xlsx
2024-12-19 11:46:46,186-Request-INFO-发送post请求
2024-12-19 13:19:59,363-E:\learnPython\Pytest_API\utils\LogUtil.py-INFO-Checking for file at path: ../data/api tc.xlsx
2024-12-19 13:20:46,408-E:\learnPython\Pytest_API\utils\LogUtil.py-INFO-Checking for file at path: ../data/api tc.xlsx
2024-12-19 13:21:05,559-E:\learnPython\Pytest_API\utils\LogUtil.py-INFO-Checking for file at path: ../data/api tc.xlsx
2024-12-19 13:21:05,856-E:\learnPython\Pytest_API\utils\LogUtil.py-INFO-Checking for file at path: ../data/api tc.xlsx
2024-12-19 13:23:58,656-E:\learnPython\Pytest_API\utils\LogUtil.py-INFO-Checking for file at path: ../data/api tc.xlsx
2024-12-19 13:23:58,934-E:\learnPython\Pytest_API\utils\LogUtil.py-INFO-Checking for file at path: ../data/api tc.xlsx
2024-12-19 13:24:55,397-E:\learnPython\Pytest_API\utils\LogUtil.py-INFO-Checking for file at path: ../data/api tc.xlsx
2024-12-19 13:24:55,674-E:\learnPython\Pytest_API\utils\LogUtil.py-INFO-Checking for file at path: ../data/api tc.xlsx
2024-12-19 13:25:44,058-E:\learnPython\Pytest_API\utils\LogUtil.py-INFO-Checking for file at path: ../data/api tc.xlsx
2024-12-19 13:27:23,172-E:\learnPython\Pytest_API\utils\LogUtil.py-INFO-Checking for file at path: ../data/api tc.xlsx
2024-12-19 13:28:08,664-E:\learnPython\Pytest_API\utils\LogUtil.py-INFO-Checking for file at path: ../data/api tc.xlsx
2024-12-19 13:28:55,645-E:\learnPython\Pytest_API\utils\LogUtil.py-INFO-Checking for file at path: ../data/api tc.xlsx
2024-12-19 13:30:58,279-E:\learnPython\Pytest_API\utils\LogUtil.py-INFO-Checking for file at path: ../data/api tc.xlsx
2024-12-19 13:33:47,871-E:\learnPython\Pytest_API\utils\LogUtil.py-INFO-Checking for file at path: ../data/api tc.xlsx
2024-12-19 13:34:06,668-E:\learnPython\Pytest_API\utils\LogUtil.py-INFO-Checking for file at path: ../data/api tc.xlsx
2024-12-19 13:34:18,627-E:\learnPython\Pytest_API\utils\LogUtil.py-INFO-Checking for file at path: ../data/api tc.xlsx
2024-12-19 13:37:52,456-E:\learnPython\Pytest_API\utils\LogUtil.py-INFO-Checking for file at path: ../data/api tc.xlsx
2024-12-19 13:46:45,576-E:\learnPython\Pytest_API\utils\LogUtil.py-INFO-Checking for file at path: ../data/api tc.xlsx
2024-12-19 13:46:45,671-E:\learnPython\Pytest_API\utils\LogUtil.py-INFO-执行测试用例：{'Case ID': 'login_1', 'Module': 'Login', 'Case Name': 'login Success', 'Request URL': '/authenticate', 'Pre Condition': None, 'Request Type': 'Post', 'Params Type': 'json', 'Params Info': '{"email":"chai@excample.com","passwd":"daccf256f725ed4205357e24a877a00b77abce77"}', 'Except Result': '"name":"chai", "email"；"chai@excample.com"', 'Actual Result': None, 'Comment': None, 'Run or Not': 'Y', 'Headers': None, 'Cookies': None, 'Status Code': 200, 'DB Verify': 'SELECT id FROM users WHERE email=%s'}
2024-12-19 13:46:45,673-E:\learnPython\Pytest_API\utils\LogUtil.py-INFO-请求url:http://127.0.0.1:9000/api/authenticate
2024-12-19 13:46:45,673-E:\learnPython\Pytest_API\utils\LogUtil.py-INFO-请求参数:{'email': 'chai@excample.com', 'passwd': 'daccf256f725ed4205357e24a877a00b77abce77'}
2024-12-19 13:46:45,674-Request-INFO-发送post请求
2024-12-19 13:46:45,683-E:\learnPython\Pytest_API\utils\LogUtil.py-INFO-执行测试用例：{'Case ID': 'login_2', 'Module': 'Login', 'Case Name': 'login Fail', 'Request URL': '/authenticate', 'Pre Condition': None, 'Request Type': 'Post', 'Params Type': 'json', 'Params Info': '{"email":"chai@excample.com","passwd":"dacc"}', 'Except Result': '"error":"value:invalid", "message"；"Invalid password."', 'Actual Result': None, 'Comment': None, 'Run or Not': 'Y', 'Headers': None, 'Cookies': None, 'Status Code': 200, 'DB Verify': None}
2024-12-19 13:46:45,685-E:\learnPython\Pytest_API\utils\LogUtil.py-INFO-请求url:http://127.0.0.1:9000/api/authenticate
2024-12-19 13:46:45,686-E:\learnPython\Pytest_API\utils\LogUtil.py-INFO-请求参数:{'email': 'chai@excample.com', 'passwd': 'dacc'}
2024-12-19 13:46:45,686-Request-INFO-发送post请求
2024-12-19 13:48:11,928-E:\learnPython\Pytest_API\utils\LogUtil.py-INFO-Checking for file at path: ../data/api tc.xlsx
2024-12-19 13:48:11,954-E:\learnPython\Pytest_API\utils\LogUtil.py-INFO-执行测试用例：{'Case ID': 'login_1', 'Module': 'Login', 'Case Name': 'login Success', 'Request URL': '/authenticate', 'Pre Condition': None, 'Request Type': 'Post', 'Params Type': 'json', 'Params Info': '{"email":"chai@excample.com","passwd":"daccf256f725ed4205357e24a877a00b77abce77"}', 'Except Result': '"name":"chai", "email"；"chai@excample.com"', 'Actual Result': None, 'Comment': None, 'Run or Not': 'Y', 'Headers': None, 'Cookies': None, 'Status Code': 200, 'DB Verify': 'SELECT id FROM users WHERE email=%s'}
2024-12-19 13:48:11,956-E:\learnPython\Pytest_API\utils\LogUtil.py-INFO-请求url:http://127.0.0.1:9000/api/authenticate
2024-12-19 13:48:11,957-E:\learnPython\Pytest_API\utils\LogUtil.py-INFO-请求参数:{'email': 'chai@excample.com', 'passwd': 'daccf256f725ed4205357e24a877a00b77abce77'}
2024-12-19 13:48:11,957-Request-INFO-发送post请求
2024-12-19 13:48:11,963-E:\learnPython\Pytest_API\utils\LogUtil.py-INFO-Response Result:{'code': 200, 'body': {'id': '001626057986549d93a93ec19594aa7b50fad2d779ca711000', 'email': 'chai@excample.com', 'passwd': '******', 'admin': 1, 'name': 'chai', 'image': 'http://www.gravatar.com/avatar/faeec58980ebfdbd1ed2d3238129b834?d=mm&s=120', 'created_at': 1626057986.54903}}
2024-12-19 13:48:11,965-E:\learnPython\Pytest_API\utils\LogUtil.py-INFO-执行测试用例：{'Case ID': 'login_2', 'Module': 'Login', 'Case Name': 'login Fail', 'Request URL': '/authenticate', 'Pre Condition': None, 'Request Type': 'Post', 'Params Type': 'json', 'Params Info': '{"email":"chai@excample.com","passwd":"dacc"}', 'Except Result': '"error":"value:invalid", "message"；"Invalid password."', 'Actual Result': None, 'Comment': None, 'Run or Not': 'Y', 'Headers': None, 'Cookies': None, 'Status Code': 200, 'DB Verify': None}
2024-12-19 13:48:11,967-E:\learnPython\Pytest_API\utils\LogUtil.py-INFO-请求url:http://127.0.0.1:9000/api/authenticate
2024-12-19 13:48:11,968-E:\learnPython\Pytest_API\utils\LogUtil.py-INFO-请求参数:{'email': 'chai@excample.com', 'passwd': 'dacc'}
2024-12-19 13:48:11,968-Request-INFO-发送post请求
2024-12-19 13:48:11,973-E:\learnPython\Pytest_API\utils\LogUtil.py-INFO-Response Result:{'code': 200, 'body': {'error': 'value:invalid', 'data': 'passwd', 'message': 'Invalid password.'}}
2024-12-19 13:48:51,486-E:\learnPython\Pytest_API\utils\LogUtil.py-INFO-Checking for file at path: ../data/api tc.xlsx
2024-12-19 13:48:51,512-E:\learnPython\Pytest_API\utils\LogUtil.py-INFO-执行测试用例：{'Case ID': 'login_1', 'Module': 'Login', 'Case Name': 'login Success', 'Request URL': '/authenticate', 'Pre Condition': None, 'Request Type': 'Post', 'Params Type': 'json', 'Params Info': '{"email":"chai@excample.com","passwd":"daccf256f725ed4205357e24a877a00b77abce77"}', 'Except Result': '"name":"chai", "email"；"chai@excample.com"', 'Actual Result': None, 'Comment': None, 'Run or Not': 'Y', 'Headers': None, 'Cookies': None, 'Status Code': 200, 'DB Verify': 'SELECT id FROM users WHERE email=%s'}
2024-12-19 13:48:51,514-E:\learnPython\Pytest_API\utils\LogUtil.py-INFO-请求url:http://127.0.0.1:9000/api/authenticate
2024-12-19 13:48:51,514-E:\learnPython\Pytest_API\utils\LogUtil.py-INFO-请求参数:{'email': 'chai@excample.com', 'passwd': 'daccf256f725ed4205357e24a877a00b77abce77'}
2024-12-19 13:48:51,514-Request-INFO-发送post请求
2024-12-19 13:48:51,521-E:\learnPython\Pytest_API\utils\LogUtil.py-INFO-Response Result:{'code': 200, 'body': {'id': '001626057986549d93a93ec19594aa7b50fad2d779ca711000', 'email': 'chai@excample.com', 'passwd': '******', 'admin': 1, 'name': 'chai', 'image': 'http://www.gravatar.com/avatar/faeec58980ebfdbd1ed2d3238129b834?d=mm&s=120', 'created_at': 1626057986.54903}}
2024-12-19 13:48:51,523-E:\learnPython\Pytest_API\utils\LogUtil.py-INFO-执行测试用例：{'Case ID': 'login_2', 'Module': 'Login', 'Case Name': 'login Fail', 'Request URL': '/authenticate', 'Pre Condition': None, 'Request Type': 'Post', 'Params Type': 'json', 'Params Info': '{"email":"chai@excample.com","passwd":"dacc"}', 'Except Result': '"error":"value:invalid", "message"；"Invalid password."', 'Actual Result': None, 'Comment': None, 'Run or Not': 'Y', 'Headers': None, 'Cookies': None, 'Status Code': 200, 'DB Verify': None}
2024-12-19 13:48:51,525-E:\learnPython\Pytest_API\utils\LogUtil.py-INFO-请求url:http://127.0.0.1:9000/api/authenticate
2024-12-19 13:48:51,525-E:\learnPython\Pytest_API\utils\LogUtil.py-INFO-请求参数:{'email': 'chai@excample.com', 'passwd': 'dacc'}
2024-12-19 13:48:51,525-Request-INFO-发送post请求
2024-12-19 13:48:51,531-E:\learnPython\Pytest_API\utils\LogUtil.py-INFO-Response Result:{'code': 200, 'body': {'error': 'value:invalid', 'data': 'passwd', 'message': 'Invalid password.'}}
2024-12-19 14:22:40,330-E:\learnPython\Pytest_API\utils\LogUtil.py-INFO-Checking for file at path: ../data/api tc.xlsx
2024-12-19 14:47:53,344-E:\learnPython\Pytest_API\utils\LogUtil.py-INFO-Checking for file at path: ../data/api tc.xlsx
2024-12-19 14:47:53,371-E:\learnPython\Pytest_API\utils\LogUtil.py-INFO-执行测试用例：{'Case ID': 'blog_1', 'Module': 'Blog', 'Case Name': 'get blogs', 'Request URL': '/blogs', 'Pre Condition': 'login_1', 'Request Type': 'Get', 'Params Type': None, 'Params Info': None, 'Except Result': None, 'Actual Result': None, 'Comment': None, 'Run or Not': 'Y', 'Headers': None, 'Cookies': None, 'Status Code': 200, 'DB Verify': None}
2024-12-19 14:47:53,374-E:\learnPython\Pytest_API\utils\LogUtil.py-INFO-前置条件:login_1
2024-12-19 14:47:53,376-E:\learnPython\Pytest_API\utils\LogUtil.py-INFO-请求url:http://127.0.0.1:9000/api/authenticate
2024-12-19 14:47:53,376-E:\learnPython\Pytest_API\utils\LogUtil.py-INFO-请求参数:{'email': 'chai@excample.com', 'passwd': 'daccf256f725ed4205357e24a877a00b77abce77'}
2024-12-19 14:47:53,376-Request-INFO-发送post请求
2024-12-19 14:47:53,385-E:\learnPython\Pytest_API\utils\LogUtil.py-INFO-Response Result:{'code': 200, 'body': {'id': '001626057986549d93a93ec19594aa7b50fad2d779ca711000', 'email': 'chai@excample.com', 'passwd': '******', 'admin': 1, 'name': 'chai', 'image': 'http://www.gravatar.com/avatar/faeec58980ebfdbd1ed2d3238129b834?d=mm&s=120', 'created_at': 1626057986.54903}}
2024-12-19 14:47:53,385-E:\learnPython\Pytest_API\utils\LogUtil.py-INFO-请求url:http://127.0.0.1:9000/api/blogs
2024-12-19 14:47:53,385-E:\learnPython\Pytest_API\utils\LogUtil.py-INFO-请求参数:None
2024-12-19 14:47:53,385-Request-INFO-发送get请求
2024-12-19 14:47:53,392-E:\learnPython\Pytest_API\utils\LogUtil.py-INFO-Response Result:{'code': 200, 'body': {'page': {'item_count': 40, 'page_size': 10, 'page_count': 4, 'page_index': 1, 'offset': 0, 'limit': 10, 'has_next': True, 'has_previous': False}, 'blogs': [{'id': '00173459049428477713dc7005e48199fd63255ef1be273000', 'user_id': '001626057986549d93a93ec19594aa7b50fad2d779ca711000', 'user_name': 'chai', 'user_image': 'http://www.gravatar.com/avatar/faeec58980ebfdbd1ed2d3238129b834?d=mm&s=120', 'name': '2024-12-19', 'summary': 'test 2024-12-19', 'content': '3l~hS/_(J&', 'created_at': 1734590494.28483}, {'id': '001734583335869615fff78c49842238121b79161b291e5000', 'user_id': '001626057986549d93a93ec19594aa7b50fad2d779ca711000', 'user_name': 'chai', 'user_image': 'http://www.gravatar.com/avatar/faeec58980ebfdbd1ed2d3238129b834?d=mm&s=120', 'name': '2024-12-19', 'summary': 'test 2024-12-19', 'content': 'gmSyjXPuK&', 'created_at': 1734583335.86977}, {'id': '001734496898957ceaa3afe6ee1437dbebe54156b407bdb000', 'user_id': '001626057986549d93a93ec19594aa7b50fad2d779ca711000', 'user_name': 'chai', 'user_image': 'http://www.gravatar.com/avatar/faeec58980ebfdbd1ed2d3238129b834?d=mm&s=120', 'name': '2024-12-18', 'summary': 'test 2024-12-18', 'content': 'H1FEY6x9cC', 'created_at': 1734496898.95773}, {'id': '001734417703169d636ca55d85a47ed9d7ebed4816ec9ad000', 'user_id': '001626057986549d93a93ec19594aa7b50fad2d779ca711000', 'user_name': 'chai', 'user_image': 'http://www.gravatar.com/avatar/faeec58980ebfdbd1ed2d3238129b834?d=mm&s=120', 'name': '2024-12-17', 'summary': 'test 2024-12-17', 'content': 'p:QNN-FL[C', 'created_at': 1734417703.16983}, {'id': '001734331307060cc4ffb0806454a6da1a1c4a885af1ff0000', 'user_id': '001626057986549d93a93ec19594aa7b50fad2d779ca711000', 'user_name': 'chai', 'user_image': 'http://www.gravatar.com/avatar/faeec58980ebfdbd1ed2d3238129b834?d=mm&s=120', 'name': '2024-12-16', 'summary': 'test 2024-12-16', 'content': '[*:76IsjxK', 'created_at': 1734331307.06072}, {'id': '0017343241072673d5174c14ea04ff8a1090f8f2a635333000', 'user_id': '001626057986549d93a93ec19594aa7b50fad2d779ca711000', 'user_name': 'chai', 'user_image': 'http://www.gravatar.com/avatar/faeec58980ebfdbd1ed2d3238129b834?d=mm&s=120', 'name': '2024-12-16', 'summary': 'test 2024-12-16', 'content': 'Qq{LBtpf[%', 'created_at': 1734324107.26736}, {'id': '0017340721112239111a2e89062456b9febf46959490661000', 'user_id': '001626057986549d93a93ec19594aa7b50fad2d779ca711000', 'user_name': 'chai', 'user_image': 'http://www.gravatar.com/avatar/faeec58980ebfdbd1ed2d3238129b834?d=mm&s=120', 'name': '2024-12-13', 'summary': 'test 2024-12-13', 'content': '0M9[buVs2F', 'created_at': 1734072111.22325}, {'id': '0017340656386635e8e6c48c1d84d9d864982a91a0ed886000', 'user_id': '001626057986549d93a93ec19594aa7b50fad2d779ca711000', 'user_name': 'chai', 'user_image': 'http://www.gravatar.com/avatar/faeec58980ebfdbd1ed2d3238129b834?d=mm&s=120', 'name': '2024-12-13', 'summary': 'test 2024-12-13', 'content': 'v>G6{OHL#e', 'created_at': 1734065638.66375}, {'id': '00173208751416790b74a6b243440ed8fa7d5e789c3777f000', 'user_id': '001626057986549d93a93ec19594aa7b50fad2d779ca711000', 'user_name': 'chai', 'user_image': 'http://www.gravatar.com/avatar/faeec58980ebfdbd1ed2d3238129b834?d=mm&s=120', 'name': '2024-11-20', 'summary': 'test 2024-11-20', 'content': 'sgYs!UUmNP', 'created_at': 1732087514.16748}, {'id': '001732086650104c0fda35afc564adbb6b6cb6fe4746c4f000', 'user_id': '001626057986549d93a93ec19594aa7b50fad2d779ca711000', 'user_name': 'chai', 'user_image': 'http://www.gravatar.com/avatar/faeec58980ebfdbd1ed2d3238129b834?d=mm&s=120', 'name': '2024-11-20', 'summary': 'test 2024-11-20', 'content': 'gMkAPo{}zY', 'created_at': 1732086650.1043}]}}
