2024-12-24 17:42:19,516-E:\learnPython\Pytest_API\utils\LogUtil.py-INFO-Checking for file at path: E:\learnPython\Pytest_API\data\api tc.xlsx
2024-12-24 17:42:19,559-E:\learnPython\Pytest_API\utils\LogUtil.py-INFO-执行测试用例：{'Case ID': 'login_1', 'Module': 'Login', 'Case Name': 'login Success', 'Request URL': '/authenticate', 'Pre Condition': None, 'Request Type': 'Post', 'Params Type': 'json', 'Params Info': '{"email":"chai@excample.com","passwd":"daccf256f725ed4205357e24a877a00b77abce77"}', 'Except Result': "'id': '001626057986549d93a93ec19594aa7b50fad2d779ca711000'", 'Actual Result': None, 'Comment': None, 'Run or Not': 'Y', 'Headers': None, 'Cookies': None, 'Status Code': 200, 'DB Verify': 'SELECT id,email FROM users WHERE email="chai@excample.com"'}
2024-12-24 17:42:19,562-E:\learnPython\Pytest_API\utils\LogUtil.py-INFO-请求url:http://127.0.0.1:9000/api/authenticate
2024-12-24 17:42:19,562-E:\learnPython\Pytest_API\utils\LogUtil.py-INFO-请求参数:{'email': 'chai@excample.com', 'passwd': 'daccf256f725ed4205357e24a877a00b77abce77'}
2024-12-24 17:42:19,563-E:\learnPython\Pytest_API\utils\LogUtil.py-INFO-请求前的headers:None
2024-12-24 17:42:19,563-Request-INFO-发送post请求
2024-12-24 17:42:19,680-E:\learnPython\Pytest_API\utils\LogUtil.py-INFO-Response Result:{'code': 200, 'body': {'id': '001626057986549d93a93ec19594aa7b50fad2d779ca711000', 'email': 'chai@excample.com', 'passwd': '******', 'admin': 1, 'name': 'chai', 'image': 'http://www.gravatar.com/avatar/faeec58980ebfdbd1ed2d3238129b834?d=mm&s=120', 'created_at': 1626057986.54903}}
2024-12-24 17:42:19,731-E:\learnPython\Pytest_API\utils\LogUtil.py-INFO-数据库整体查询结果:{'id': '001626057986549d93a93ec19594aa7b50fad2d779ca711000', 'email': 'chai@excample.com'}
2024-12-24 17:42:19,731-E:\learnPython\Pytest_API\utils\LogUtil.py-INFO-接口返回数据:001626057986549d93a93ec19594aa7b50fad2d779ca711000
2024-12-24 17:42:19,731-E:\learnPython\Pytest_API\utils\LogUtil.py-INFO-数据库查询结果:001626057986549d93a93ec19594aa7b50fad2d779ca711000
2024-12-24 17:42:19,731-E:\learnPython\Pytest_API\utils\LogUtil.py-INFO-接口返回数据:chai@excample.com
2024-12-24 17:42:19,731-E:\learnPython\Pytest_API\utils\LogUtil.py-INFO-数据库查询结果:chai@excample.com
2024-12-24 17:42:19,737-E:\learnPython\Pytest_API\utils\LogUtil.py-INFO-执行测试用例：{'Case ID': 'login_2', 'Module': 'Login', 'Case Name': 'login Fail', 'Request URL': '/authenticate', 'Pre Condition': None, 'Request Type': 'Post', 'Params Type': 'json', 'Params Info': '{"email":"chai@excample.com","passwd":"dacc"}', 'Except Result': "'error': 'value:invalid', 'data': 'passwd', 'message': 'Invalid password.'", 'Actual Result': None, 'Comment': None, 'Run or Not': 'Y', 'Headers': None, 'Cookies': None, 'Status Code': 200, 'DB Verify': None}
2024-12-24 17:42:19,742-E:\learnPython\Pytest_API\utils\LogUtil.py-INFO-请求url:http://127.0.0.1:9000/api/authenticate
2024-12-24 17:42:19,742-E:\learnPython\Pytest_API\utils\LogUtil.py-INFO-请求参数:{'email': 'chai@excample.com', 'passwd': 'dacc'}
2024-12-24 17:42:19,742-E:\learnPython\Pytest_API\utils\LogUtil.py-INFO-请求前的headers:None
2024-12-24 17:42:19,742-Request-INFO-发送post请求
2024-12-24 17:42:19,750-E:\learnPython\Pytest_API\utils\LogUtil.py-INFO-Response Result:{'code': 200, 'body': {'error': 'value:invalid', 'data': 'passwd', 'message': 'Invalid password.'}}
2024-12-24 17:42:19,755-E:\learnPython\Pytest_API\utils\LogUtil.py-INFO-执行测试用例：{'Case ID': 'blog_1', 'Module': 'Blog', 'Case Name': 'get blogs', 'Request URL': '/blogs', 'Pre Condition': 'login_1', 'Request Type': 'Get', 'Params Type': None, 'Params Info': None, 'Except Result': 'page', 'Actual Result': None, 'Comment': None, 'Run or Not': 'Y', 'Headers': '{"Authorization":"JWT ${id}$"}', 'Cookies': None, 'Status Code': 200, 'DB Verify': None}
2024-12-24 17:42:19,759-E:\learnPython\Pytest_API\utils\LogUtil.py-INFO-前置条件:login_1
2024-12-24 17:42:19,763-E:\learnPython\Pytest_API\utils\LogUtil.py-INFO-前置条件内的headers:None
2024-12-24 17:42:19,763-E:\learnPython\Pytest_API\utils\LogUtil.py-INFO-请求url:http://127.0.0.1:9000/api/authenticate
2024-12-24 17:42:19,763-E:\learnPython\Pytest_API\utils\LogUtil.py-INFO-请求参数:{'email': 'chai@excample.com', 'passwd': 'daccf256f725ed4205357e24a877a00b77abce77'}
2024-12-24 17:42:19,763-E:\learnPython\Pytest_API\utils\LogUtil.py-INFO-请求前的headers:None
2024-12-24 17:42:19,764-Request-INFO-发送post请求
2024-12-24 17:42:19,770-E:\learnPython\Pytest_API\utils\LogUtil.py-INFO-Response Result:{'code': 200, 'body': {'id': '001626057986549d93a93ec19594aa7b50fad2d779ca711000', 'email': 'chai@excample.com', 'passwd': '******', 'admin': 1, 'name': 'chai', 'image': 'http://www.gravatar.com/avatar/faeec58980ebfdbd1ed2d3238129b834?d=mm&s=120', 'created_at': 1626057986.54903}}
2024-12-24 17:42:19,770-E:\learnPython\Pytest_API\utils\LogUtil.py-INFO-替换前的headers:{"Authorization":"JWT ${id}$"}
2024-12-24 17:42:19,770-E:\learnPython\Pytest_API\utils\LogUtil.py-INFO-替换后的headers:{"Authorization":"JWT 001626057986549d93a93ec19594aa7b50fad2d779ca711000"}
2024-12-24 17:42:19,771-E:\learnPython\Pytest_API\utils\LogUtil.py-INFO-请求url:http://127.0.0.1:9000/api/blogs
2024-12-24 17:42:19,771-E:\learnPython\Pytest_API\utils\LogUtil.py-INFO-请求参数:None
2024-12-24 17:42:19,771-Request-INFO-发送get请求
2024-12-24 17:42:19,795-E:\learnPython\Pytest_API\utils\LogUtil.py-INFO-Response Result:{'code': 200, 'body': {'page': {'item_count': 46, 'page_size': 10, 'page_count': 5, 'page_index': 1, 'offset': 0, 'limit': 10, 'has_next': True, 'has_previous': False}, 'blogs': [{'id': '001735022481706d4e729ba47d94a3f9d830f8af9d3aaaf000', 'user_id': '001626057986549d93a93ec19594aa7b50fad2d779ca711000', 'user_name': 'chai', 'user_image': 'http://www.gravatar.com/avatar/faeec58980ebfdbd1ed2d3238129b834?d=mm&s=120', 'name': '2024-12-24', 'summary': 'test 2024-12-24', 'content': '?&gGLB2_eU', 'created_at': 1735022481.70605}, {'id': '0017350165352985ea08958a44a45958f2dc16f7aab6a31000', 'user_id': '001626057986549d93a93ec19594aa7b50fad2d779ca711000', 'user_name': 'chai', 'user_image': 'http://www.gravatar.com/avatar/faeec58980ebfdbd1ed2d3238129b834?d=mm&s=120', 'name': '2024-12-24', 'summary': 'test 2024-12-24', 'content': 'M>@?ed$8I4', 'created_at': 1735016535.29836}, {'id': '00173493608652965436df5afaf4dd88ce73f2f0dbc24c8000', 'user_id': '001626057986549d93a93ec19594aa7b50fad2d779ca711000', 'user_name': 'chai', 'user_image': 'http://www.gravatar.com/avatar/faeec58980ebfdbd1ed2d3238129b834?d=mm&s=120', 'name': '2024-12-23', 'summary': 'test 2024-12-23', 'content': 'ieBNS<b..|', 'created_at': 1734936086.52938}, {'id': '00173492888667834db4b67304a486fa2861a0b8b70de33000', 'user_id': '001626057986549d93a93ec19594aa7b50fad2d779ca711000', 'user_name': 'chai', 'user_image': 'http://www.gravatar.com/avatar/faeec58980ebfdbd1ed2d3238129b834?d=mm&s=120', 'name': '2024-12-23', 'summary': 'test 2024-12-23', 'content': "G@'%R;V{!e", 'created_at': 1734928886.67564}, {'id': '0017346768903569f459840ad0c4617bf875a3926f5fc2d000', 'user_id': '001626057986549d93a93ec19594aa7b50fad2d779ca711000', 'user_name': 'chai', 'user_image': 'http://www.gravatar.com/avatar/faeec58980ebfdbd1ed2d3238129b834?d=mm&s=120', 'name': '2024-12-20', 'summary': 'test 2024-12-20', 'content': "'j`aKACa;k", 'created_at': 1734676890.35624}, {'id': '0017346697028499d3da30d4be9493f9b80dd5630e1cf10000', 'user_id': '001626057986549d93a93ec19594aa7b50fad2d779ca711000', 'user_name': 'chai', 'user_image': 'http://www.gravatar.com/avatar/faeec58980ebfdbd1ed2d3238129b834?d=mm&s=120', 'name': '2024-12-20', 'summary': 'test 2024-12-20', 'content': 'ww8-s-Y.;e', 'created_at': 1734669702.84814}, {'id': '00173459049428477713dc7005e48199fd63255ef1be273000', 'user_id': '001626057986549d93a93ec19594aa7b50fad2d779ca711000', 'user_name': 'chai', 'user_image': 'http://www.gravatar.com/avatar/faeec58980ebfdbd1ed2d3238129b834?d=mm&s=120', 'name': '2024-12-19', 'summary': 'test 2024-12-19', 'content': '3l~hS/_(J&', 'created_at': 1734590494.28483}, {'id': '001734583335869615fff78c49842238121b79161b291e5000', 'user_id': '001626057986549d93a93ec19594aa7b50fad2d779ca711000', 'user_name': 'chai', 'user_image': 'http://www.gravatar.com/avatar/faeec58980ebfdbd1ed2d3238129b834?d=mm&s=120', 'name': '2024-12-19', 'summary': 'test 2024-12-19', 'content': 'gmSyjXPuK&', 'created_at': 1734583335.86977}, {'id': '001734496898957ceaa3afe6ee1437dbebe54156b407bdb000', 'user_id': '001626057986549d93a93ec19594aa7b50fad2d779ca711000', 'user_name': 'chai', 'user_image': 'http://www.gravatar.com/avatar/faeec58980ebfdbd1ed2d3238129b834?d=mm&s=120', 'name': '2024-12-18', 'summary': 'test 2024-12-18', 'content': 'H1FEY6x9cC', 'created_at': 1734496898.95773}, {'id': '001734417703169d636ca55d85a47ed9d7ebed4816ec9ad000', 'user_id': '001626057986549d93a93ec19594aa7b50fad2d779ca711000', 'user_name': 'chai', 'user_image': 'http://www.gravatar.com/avatar/faeec58980ebfdbd1ed2d3238129b834?d=mm&s=120', 'name': '2024-12-17', 'summary': 'test 2024-12-17', 'content': 'p:QNN-FL[C', 'created_at': 1734417703.16983}]}}
2024-12-24 17:42:19,803-Request-INFO-发送post请求
2024-12-24 17:42:19,824-Request-INFO-发送post请求
2024-12-24 17:42:19,838-Request-INFO-发送get请求
2024-12-24 17:44:50,319-E:\learnPython\Pytest_API\utils\LogUtil.py-INFO-Checking for file at path: E:\learnPython\Pytest_API\data\api tc.xlsx
2024-12-24 17:44:50,349-E:\learnPython\Pytest_API\utils\LogUtil.py-INFO-执行测试用例：{'Case ID': 'login_1', 'Module': 'Login', 'Case Name': 'login Success', 'Request URL': '/authenticate', 'Pre Condition': None, 'Request Type': 'Post', 'Params Type': 'json', 'Params Info': '{"email":"chai@excample.com","passwd":"daccf256f725ed4205357e24a877a00b77abce77"}', 'Except Result': "'id': '001626057986549d93a93ec19594aa7b50fad2d779ca711000'", 'Actual Result': None, 'Comment': None, 'Run or Not': 'Y', 'Headers': None, 'Cookies': None, 'Status Code': 200, 'DB Verify': 'SELECT id,email FROM users WHERE email="chai@excample.com"'}
2024-12-24 17:44:50,352-E:\learnPython\Pytest_API\utils\LogUtil.py-INFO-请求url:http://127.0.0.1:9000/api/authenticate
2024-12-24 17:44:50,352-E:\learnPython\Pytest_API\utils\LogUtil.py-INFO-请求参数:{'email': 'chai@excample.com', 'passwd': 'daccf256f725ed4205357e24a877a00b77abce77'}
2024-12-24 17:44:50,352-E:\learnPython\Pytest_API\utils\LogUtil.py-INFO-请求前的headers:None
2024-12-24 17:44:50,352-Request-INFO-发送post请求
2024-12-24 17:44:50,359-E:\learnPython\Pytest_API\utils\LogUtil.py-INFO-Response Result:{'code': 200, 'body': {'id': '001626057986549d93a93ec19594aa7b50fad2d779ca711000', 'email': 'chai@excample.com', 'passwd': '******', 'admin': 1, 'name': 'chai', 'image': 'http://www.gravatar.com/avatar/faeec58980ebfdbd1ed2d3238129b834?d=mm&s=120', 'created_at': 1626057986.54903}}
2024-12-24 17:44:50,384-E:\learnPython\Pytest_API\utils\LogUtil.py-INFO-数据库整体查询结果:{'id': '001626057986549d93a93ec19594aa7b50fad2d779ca711000', 'email': 'chai@excample.com'}
2024-12-24 17:44:50,385-E:\learnPython\Pytest_API\utils\LogUtil.py-INFO-接口返回数据:001626057986549d93a93ec19594aa7b50fad2d779ca711000
2024-12-24 17:44:50,385-E:\learnPython\Pytest_API\utils\LogUtil.py-INFO-数据库查询结果:001626057986549d93a93ec19594aa7b50fad2d779ca711000
2024-12-24 17:44:50,385-E:\learnPython\Pytest_API\utils\LogUtil.py-INFO-接口返回数据:chai@excample.com
2024-12-24 17:44:50,385-E:\learnPython\Pytest_API\utils\LogUtil.py-INFO-数据库查询结果:chai@excample.com
2024-12-24 17:44:50,388-E:\learnPython\Pytest_API\utils\LogUtil.py-INFO-执行测试用例：{'Case ID': 'login_2', 'Module': 'Login', 'Case Name': 'login Fail', 'Request URL': '/authenticate', 'Pre Condition': None, 'Request Type': 'Post', 'Params Type': 'json', 'Params Info': '{"email":"chai@excample.com","passwd":"dacc"}', 'Except Result': "'error': 'value:invalid', 'data': 'passwd', 'message': 'Invalid password.'", 'Actual Result': None, 'Comment': None, 'Run or Not': 'Y', 'Headers': None, 'Cookies': None, 'Status Code': 200, 'DB Verify': None}
2024-12-24 17:44:50,391-E:\learnPython\Pytest_API\utils\LogUtil.py-INFO-请求url:http://127.0.0.1:9000/api/authenticate
2024-12-24 17:44:50,391-E:\learnPython\Pytest_API\utils\LogUtil.py-INFO-请求参数:{'email': 'chai@excample.com', 'passwd': 'dacc'}
2024-12-24 17:44:50,391-E:\learnPython\Pytest_API\utils\LogUtil.py-INFO-请求前的headers:None
2024-12-24 17:44:50,391-Request-INFO-发送post请求
2024-12-24 17:44:50,396-E:\learnPython\Pytest_API\utils\LogUtil.py-INFO-Response Result:{'code': 200, 'body': {'error': 'value:invalid', 'data': 'passwd', 'message': 'Invalid password.'}}
2024-12-24 17:44:50,400-E:\learnPython\Pytest_API\utils\LogUtil.py-INFO-执行测试用例：{'Case ID': 'blog_1', 'Module': 'Blog', 'Case Name': 'get blogs', 'Request URL': '/blogs', 'Pre Condition': 'login_1', 'Request Type': 'Get', 'Params Type': None, 'Params Info': None, 'Except Result': 'page', 'Actual Result': None, 'Comment': None, 'Run or Not': 'Y', 'Headers': '{"Authorization":"JWT ${id}$"}', 'Cookies': None, 'Status Code': 200, 'DB Verify': None}
2024-12-24 17:44:50,403-E:\learnPython\Pytest_API\utils\LogUtil.py-INFO-前置条件:login_1
2024-12-24 17:44:50,405-E:\learnPython\Pytest_API\utils\LogUtil.py-INFO-前置条件内的headers:None
2024-12-24 17:44:50,406-E:\learnPython\Pytest_API\utils\LogUtil.py-INFO-请求url:http://127.0.0.1:9000/api/authenticate
2024-12-24 17:44:50,406-E:\learnPython\Pytest_API\utils\LogUtil.py-INFO-请求参数:{'email': 'chai@excample.com', 'passwd': 'daccf256f725ed4205357e24a877a00b77abce77'}
2024-12-24 17:44:50,406-E:\learnPython\Pytest_API\utils\LogUtil.py-INFO-请求前的headers:None
2024-12-24 17:44:50,406-Request-INFO-发送post请求
2024-12-24 17:44:50,411-E:\learnPython\Pytest_API\utils\LogUtil.py-INFO-Response Result:{'code': 200, 'body': {'id': '001626057986549d93a93ec19594aa7b50fad2d779ca711000', 'email': 'chai@excample.com', 'passwd': '******', 'admin': 1, 'name': 'chai', 'image': 'http://www.gravatar.com/avatar/faeec58980ebfdbd1ed2d3238129b834?d=mm&s=120', 'created_at': 1626057986.54903}}
2024-12-24 17:44:50,412-E:\learnPython\Pytest_API\utils\LogUtil.py-INFO-替换前的headers:{"Authorization":"JWT ${id}$"}
2024-12-24 17:44:50,412-E:\learnPython\Pytest_API\utils\LogUtil.py-INFO-替换后的headers:{"Authorization":"JWT 001626057986549d93a93ec19594aa7b50fad2d779ca711000"}
2024-12-24 17:44:50,412-E:\learnPython\Pytest_API\utils\LogUtil.py-INFO-请求url:http://127.0.0.1:9000/api/blogs
2024-12-24 17:44:50,412-E:\learnPython\Pytest_API\utils\LogUtil.py-INFO-请求参数:None
2024-12-24 17:44:50,412-Request-INFO-发送get请求
2024-12-24 17:44:50,420-E:\learnPython\Pytest_API\utils\LogUtil.py-INFO-Response Result:{'code': 200, 'body': {'page': {'item_count': 46, 'page_size': 10, 'page_count': 5, 'page_index': 1, 'offset': 0, 'limit': 10, 'has_next': True, 'has_previous': False}, 'blogs': [{'id': '001735022481706d4e729ba47d94a3f9d830f8af9d3aaaf000', 'user_id': '001626057986549d93a93ec19594aa7b50fad2d779ca711000', 'user_name': 'chai', 'user_image': 'http://www.gravatar.com/avatar/faeec58980ebfdbd1ed2d3238129b834?d=mm&s=120', 'name': '2024-12-24', 'summary': 'test 2024-12-24', 'content': '?&gGLB2_eU', 'created_at': 1735022481.70605}, {'id': '0017350165352985ea08958a44a45958f2dc16f7aab6a31000', 'user_id': '001626057986549d93a93ec19594aa7b50fad2d779ca711000', 'user_name': 'chai', 'user_image': 'http://www.gravatar.com/avatar/faeec58980ebfdbd1ed2d3238129b834?d=mm&s=120', 'name': '2024-12-24', 'summary': 'test 2024-12-24', 'content': 'M>@?ed$8I4', 'created_at': 1735016535.29836}, {'id': '00173493608652965436df5afaf4dd88ce73f2f0dbc24c8000', 'user_id': '001626057986549d93a93ec19594aa7b50fad2d779ca711000', 'user_name': 'chai', 'user_image': 'http://www.gravatar.com/avatar/faeec58980ebfdbd1ed2d3238129b834?d=mm&s=120', 'name': '2024-12-23', 'summary': 'test 2024-12-23', 'content': 'ieBNS<b..|', 'created_at': 1734936086.52938}, {'id': '00173492888667834db4b67304a486fa2861a0b8b70de33000', 'user_id': '001626057986549d93a93ec19594aa7b50fad2d779ca711000', 'user_name': 'chai', 'user_image': 'http://www.gravatar.com/avatar/faeec58980ebfdbd1ed2d3238129b834?d=mm&s=120', 'name': '2024-12-23', 'summary': 'test 2024-12-23', 'content': "G@'%R;V{!e", 'created_at': 1734928886.67564}, {'id': '0017346768903569f459840ad0c4617bf875a3926f5fc2d000', 'user_id': '001626057986549d93a93ec19594aa7b50fad2d779ca711000', 'user_name': 'chai', 'user_image': 'http://www.gravatar.com/avatar/faeec58980ebfdbd1ed2d3238129b834?d=mm&s=120', 'name': '2024-12-20', 'summary': 'test 2024-12-20', 'content': "'j`aKACa;k", 'created_at': 1734676890.35624}, {'id': '0017346697028499d3da30d4be9493f9b80dd5630e1cf10000', 'user_id': '001626057986549d93a93ec19594aa7b50fad2d779ca711000', 'user_name': 'chai', 'user_image': 'http://www.gravatar.com/avatar/faeec58980ebfdbd1ed2d3238129b834?d=mm&s=120', 'name': '2024-12-20', 'summary': 'test 2024-12-20', 'content': 'ww8-s-Y.;e', 'created_at': 1734669702.84814}, {'id': '00173459049428477713dc7005e48199fd63255ef1be273000', 'user_id': '001626057986549d93a93ec19594aa7b50fad2d779ca711000', 'user_name': 'chai', 'user_image': 'http://www.gravatar.com/avatar/faeec58980ebfdbd1ed2d3238129b834?d=mm&s=120', 'name': '2024-12-19', 'summary': 'test 2024-12-19', 'content': '3l~hS/_(J&', 'created_at': 1734590494.28483}, {'id': '001734583335869615fff78c49842238121b79161b291e5000', 'user_id': '001626057986549d93a93ec19594aa7b50fad2d779ca711000', 'user_name': 'chai', 'user_image': 'http://www.gravatar.com/avatar/faeec58980ebfdbd1ed2d3238129b834?d=mm&s=120', 'name': '2024-12-19', 'summary': 'test 2024-12-19', 'content': 'gmSyjXPuK&', 'created_at': 1734583335.86977}, {'id': '001734496898957ceaa3afe6ee1437dbebe54156b407bdb000', 'user_id': '001626057986549d93a93ec19594aa7b50fad2d779ca711000', 'user_name': 'chai', 'user_image': 'http://www.gravatar.com/avatar/faeec58980ebfdbd1ed2d3238129b834?d=mm&s=120', 'name': '2024-12-18', 'summary': 'test 2024-12-18', 'content': 'H1FEY6x9cC', 'created_at': 1734496898.95773}, {'id': '001734417703169d636ca55d85a47ed9d7ebed4816ec9ad000', 'user_id': '001626057986549d93a93ec19594aa7b50fad2d779ca711000', 'user_name': 'chai', 'user_image': 'http://www.gravatar.com/avatar/faeec58980ebfdbd1ed2d3238129b834?d=mm&s=120', 'name': '2024-12-17', 'summary': 'test 2024-12-17', 'content': 'p:QNN-FL[C', 'created_at': 1734417703.16983}]}}
2024-12-24 17:44:50,426-Request-INFO-发送post请求
2024-12-24 17:44:50,467-Request-INFO-发送post请求
2024-12-24 17:44:50,479-Request-INFO-发送get请求
